<?xml version="1.0" encoding="UTF-8"?>
<!-- Generated by org.testng.reporters.JUnitReportReporter -->
<testsuite hostname="SahanaHegde" failures="0" tests="1" name="mavenforjenkins.UITest" time="109.541" errors="0" timestamp="2023-05-26T16:51:51 IST" skipped="0">
  <testcase classname="mavenforjenkins.UITest" name="startBrowser" time="109.541"/>
  <system-out/>
</testsuite> <!-- mavenforjenkins.UITest -->
